make all -f /home/nick/p/c/Makefile --print-data-base --no-builtin-variables --no-builtin-rules --question
# GNU Make 4.3
# Built for x86_64-pc-linux-gnu
# Copyright (C) 1988-2020 Free Software Foundation, Inc.
# License GPLv3+: GNU GPL version 3 or later <http://gnu.org/licenses/gpl.html>
# This is free software: you are free to change and redistribute it.
# There is NO WARRANTY, to the extent permitted by law.

# Make data base, printed on Fri Apr 23 17:13:32 2021

# Variables

# environment
NO_AT_BRIDGE = 1
# environment
I3SOCK = /run/user/1000/i3/ipc-socket.630
# environment
VSCODE_IPC_HOOK_EXTHOST = /run/user/1000/vscode-ipc-60c9340b-df8b-445b-8cee-7fa0451cf405.sock
# makefile (from '/home/nick/p/c/Makefile', line 6)
LIBS = -lX11 -lcairo -lXrandr
# default
MAKE_COMMAND := make
# environment
GTK3_MODULES = xapp-gtk3-module
# automatic
@D = $(patsubst %/,%,$(dir $@))
# environment
VSCODE_HANDLES_UNCAUGHT_ERRORS = true
# default
.VARIABLES := 
# environment
PWD = /home/nick/p/c
# automatic
%D = $(patsubst %/,%,$(dir $%))
# environment
MAIL = /var/spool/mail/nick
# automatic
^D = $(patsubst %/,%,$(dir $^))
# environment
VSCODE_LOG_STACK = false
# automatic
%F = $(notdir $%)
# environment
XDG_SESSION_PATH = /org/freedesktop/DisplayManager/Session0
# environment
LANG = en_US.UTF-8
# environment
XAUTHORITY = /home/nick/.Xauthority
# default
.LOADED := 
# default
.INCLUDE_DIRS = /usr/include /usr/local/include /usr/include
# makefile
MAKEFLAGS = pqrR
# makefile
CURDIR := /home/nick/p/c
# environment
VSCODE_PIPE_LOGGING = true
# environment
APPLICATION_INSIGHTS_NO_DIAGNOSTIC_CHANNEL = true
# automatic
*D = $(patsubst %/,%,$(dir $*))
# environment
MFLAGS = -pqrR
# default
.SHELLFLAGS := -c
# automatic
+D = $(patsubst %/,%,$(dir $+))
# environment
XDG_SESSION_DESKTOP = i3
# environment
VSCODE_CRASH_REPORTER_START_OPTIONS = {"companyName":"Microsoft","productName":"Code - OSS","submitURL":"","uploadToServer":false}
# makefile (from '/home/nick/p/c/Makefile', line 1)
MAKEFILE_LIST := /home/nick/p/c/Makefile
# automatic
@F = $(notdir $@)
# environment
VSCODE_VERBOSE_LOGGING = true
# environment
VSCODE_PID = 157102
# environment
XDG_SESSION_TYPE = x11
# environment
CUDA_PATH = /opt/cuda
# automatic
?D = $(patsubst %/,%,$(dir $?))
# automatic
*F = $(notdir $*)
# environment
CHROME_DESKTOP = code-oss.desktop
# environment
DBUS_SESSION_BUS_ADDRESS = unix:path=/run/user/1000/bus
# automatic
<D = $(patsubst %/,%,$(dir $<))
# environment
VSCODE_NLS_CONFIG = {"locale":"en-us","availableLanguages":{},"_languagePackSupport":true}
# environment
BREAKPAD_DUMP_LOCATION = /home/nick/.config/Code - OSS/exthost Crash Reports
# default
MAKE_HOST := x86_64-pc-linux-gnu
# environment
ANDROID_HOME = /opt/android-sdk
# makefile
SHELL = /bin/sh
# default
MAKECMDGOALS := all
# environment
SHLVL = 0
# environment
MAKELEVEL := 0
# default
MAKE = $(MAKE_COMMAND)
# environment
FLUTTER_HOME = /opt/flutter
# environment
PATH = /usr/local/bin:/usr/bin:/bin:/usr/local/sbin:/opt/android-sdk/emulator:/opt/android-sdk/platform-tools:/opt/android-sdk/tools:/opt/android-sdk/tools/bin:/opt/cuda/bin:/opt/cuda/integration/nsight-compute:/opt/cuda/integration/nsight-systems:/opt/flutter/bin:/usr/lib/jvm/default/bin:/usr/bin/site_perl:/usr/bin/vendor_perl:/usr/bin/core_perl
# default
MAKEFILES := 
# environment
MOTD_SHOWN = pam
# automatic
^F = $(notdir $^)
# environment
VSCODE_LOG_NATIVE = false
# automatic
?F = $(notdir $?)
# environment
XDG_SEAT = seat0
# environment
XDG_CURRENT_DESKTOP = i3
# automatic
+F = $(notdir $+)
# environment
XDG_SEAT_PATH = /org/freedesktop/DisplayManager/Seat0
# environment
DESKTOP_SESSION = i3
# environment
ORIGINAL_XDG_CURRENT_DESKTOP = i3
# 'override' directive
GNUMAKEFLAGS := 
# environment
LOGNAME = nick
# environment
XDG_VTNR = 7
# makefile
.DEFAULT_GOAL := all
# environment
DISPLAY = :0
# environment
GTK_MODULES = canberra-gtk-module
# environment
USER = nick
# default
MAKE_VERSION := 4.3
# environment
VSCODE_NODE_CACHED_DATA_DIR = /home/nick/.config/Code - OSS/CachedData/fd6f3bce6709b121a895d042d343d71f317d74e7
# environment
_ = /usr/bin/make
# environment
XDG_RUNTIME_DIR = /run/user/1000
# makefile (from '/home/nick/p/c/Makefile', line 4)
CFLAGS = -O3
# makefile (from '/home/nick/p/c/Makefile', line 9)
COBJECTS = $(SOURCES:.c=.o)
# environment
XDG_SESSION_CLASS = user
# environment
VSCODE_AMD_ENTRYPOINT = vs/workbench/services/extensions/node/extensionHostProcess
# environment
HOME = /home/nick
# environment
ELECTRON_RUN_AS_NODE = 1
# environment
VSCODE_IPC_HOOK = /run/user/1000/vscode-b6ff0d87-1.54.2-main.sock
# environment
XDG_SESSION_ID = 2
# default
.RECIPEPREFIX := 
# automatic
<F = $(notdir $<)
# default
SUFFIXES := 
# makefile (from '/home/nick/p/c/Makefile', line 2)
TARGET = mandelbg 
# environment
VSCODE_CLI = 1
# environment
ELECTRON_NO_ATTACH_CONSOLE = 1
# environment
XDG_GREETER_DATA_DIR = /var/lib/lightdm-data/nick
# default
.FEATURES := target-specific order-only second-expansion else-if shortest-stem undefine oneshell nocomment grouped-target extra-prereqs archives jobserver output-sync check-symlink guile load
# makefile (from '/home/nick/p/c/Makefile', line 1)
CC = gcc 
# makefile (from '/home/nick/p/c/Makefile', line 5)
LFLAGS = -lm
# makefile (from '/home/nick/p/c/Makefile', line 3)
SOURCES = main.c
# environment
GDMSESSION = i3
# variable set hash-table stats:
# Load=94/1024=9%, Rehash=0, Collisions=6/138=4%

# Pattern-specific Variable Values

# No pattern-specific variable values.

# Directories


# No files, no impossibilities in 0 directories.

# Implicit Rules

# No implicit rules.

# Files

clean:
#  Implicit rule search has not been done.
#  Modification time never checked.
#  File has not been updated.
#  recipe to execute (from '/home/nick/p/c/Makefile', line 21):
	rm -f *.o

mandelbg: main.o
#  Implicit rule search has not been done.
#  Implicit/static pattern stem: ''
#  File does not exist.
#  File has been updated.
#  Needs to be updated (-q is set).
# automatic
# @ := mandelbg
# automatic
# * := 
# automatic
# < := main.o
# automatic
# + := main.o
# automatic
# % := 
# automatic
# ^ := main.o
# automatic
# ? := main.o
# automatic
# | := 
# variable set hash-table stats:
# Load=8/32=25%, Rehash=0, Collisions=6/17=35%
#  recipe to execute (from '/home/nick/p/c/Makefile', line 15):
	$(CC) $(LFLAGS) $(COBJECTS) -o $(TARGET) $(LIBS)

# Not a target:
.DEFAULT:
#  Implicit rule search has not been done.
#  Modification time never checked.
#  File has not been updated.

all: main.c mandelbg
#  Command line target.
#  Implicit rule search has been done.
#  File does not exist.
#  File has been updated.
#  Needs to be updated (-q is set).
# variable set hash-table stats:
# Load=0/32=0%, Rehash=0, Collisions=0/9=0%

purge: clean
#  Implicit rule search has not been done.
#  Modification time never checked.
#  File has not been updated.
#  recipe to execute (from '/home/nick/p/c/Makefile', line 18):
	rm -f $(TARGET)

# Not a target:
main.c:
#  Implicit rule search has been done.
#  Last modified 2021-04-23 17:11:51.780348786
#  File has been updated.
#  Successfully updated.

# Not a target:
/home/nick/p/c/Makefile:
#  Implicit rule search has been done.
 
#  Last modified 2021-04-23 17:13:20.848298697
#  File has been updated.
#  Successfully updated.

# Not a target:
main.o:
#  Implicit rule search has been done.
#  Last modified 2021-04-23 17:12:01.601225351
#  File has been updated.
#  Successfully updated.

# Not a target:
.SUFFIXES:
#  Implicit rule search has not been done.
#  Modification time never checked.
#  File has not been updated.

# files hash-table stats:
# Load=9/1024=1%, Rehash=0, Collisions=0/27=0%
# VPATH Search Paths

# No 'vpath' search paths.

# No general ('VPATH' variable) search path.

# strcache buffers: 1 (0) / strings = 11 / storage = 114 B / avg = 10 B
# current buf: size = 8162 B / used = 114 B / count = 11 / avg = 10 B

# strcache performance: lookups = 22 / hit rate = 50%
# hash-table stats:
# Load=11/8192=0%, Rehash=0, Collisions=0/22=0%
# Finished Make data base on Fri Apr 23 17:13:32 2021

 
